<?xml version="1.0" encoding="UTF-8"?>
<testsuite name="CodeSharingPlatformTest" tests="1" skipped="0" failures="0" errors="0" timestamp="2022-08-20T05:29:53" hostname="DESKTOP-1NFTNE0" time="16.383">
  <properties/>
  <testcase name="start" classname="CodeSharingPlatformTest" time="16.383"/>
  <system-out><![CDATA[?[1;31m
Start test 1?[0m

  .   ____          _            __ _ _
 /\\ / ___'_ __ _ _(_)_ __  __ _ \ \ \ \
( ( )\___ | '_ | '_| | '_ \/ _` | \ \ \ \
 \\/  ___)| |_)| | | | | || (_| |  ) ) ) )
  '  |____| .__|_| |_|_| |_\__, | / / / /
 =========|_|==============|___/=/_/_/_/
 :: Spring Boot ::                (v2.5.6)

2022-08-20 09:29:55.020  INFO 22664 --- [    Test worker] platform.CodeSharingPlatform             : Starting CodeSharingPlatform using Java 17.0.3 on DESKTOP-1NFTNE0 with PID 22664 (started by pc in C:\Users\pc\Documents\Java Programs\Code Sharing Platform\Code Sharing Platform\task)
2022-08-20 09:29:55.027  INFO 22664 --- [    Test worker] platform.CodeSharingPlatform             : No active profile set, falling back to default profiles: default
2022-08-20 09:29:57.591  INFO 22664 --- [    Test worker] .s.d.r.c.RepositoryConfigurationDelegate : Bootstrapping Spring Data JPA repositories in DEFAULT mode.
2022-08-20 09:29:57.727  INFO 22664 --- [    Test worker] .s.d.r.c.RepositoryConfigurationDelegate : Finished Spring Data repository scanning in 115 ms. Found 1 JPA repository interfaces.
2022-08-20 09:29:59.112  INFO 22664 --- [    Test worker] o.s.b.w.embedded.tomcat.TomcatWebServer  : Tomcat initialized with port(s): 8889 (http)
2022-08-20 09:29:59.139  INFO 22664 --- [    Test worker] o.apache.catalina.core.StandardService   : Starting service [Tomcat]
2022-08-20 09:29:59.139  INFO 22664 --- [    Test worker] org.apache.catalina.core.StandardEngine  : Starting Servlet engine: [Apache Tomcat/9.0.54]
2022-08-20 09:29:59.383  INFO 22664 --- [    Test worker] o.a.c.c.C.[Tomcat].[localhost].[/]       : Initializing Spring embedded WebApplicationContext
2022-08-20 09:29:59.384  INFO 22664 --- [    Test worker] w.s.c.ServletWebServerApplicationContext : Root WebApplicationContext: initialization completed in 4203 ms
2022-08-20 09:29:59.710  INFO 22664 --- [    Test worker] com.zaxxer.hikari.HikariDataSource       : HikariPool-1 - Starting...
2022-08-20 09:30:00.270  INFO 22664 --- [    Test worker] com.zaxxer.hikari.HikariDataSource       : HikariPool-1 - Start completed.
2022-08-20 09:30:00.299  INFO 22664 --- [    Test worker] o.s.b.a.h2.H2ConsoleAutoConfiguration    : H2 console available at '/h2'. Database available at 'jdbc:h2:mem:testDB'
2022-08-20 09:30:01.354  INFO 22664 --- [    Test worker] o.hibernate.jpa.internal.util.LogHelper  : HHH000204: Processing PersistenceUnitInfo [name: default]
2022-08-20 09:30:01.671  INFO 22664 --- [    Test worker] org.hibernate.Version                    : HHH000412: Hibernate ORM core version 5.4.32.Final
2022-08-20 09:30:02.339  INFO 22664 --- [    Test worker] o.hibernate.annotations.common.Version   : HCANN000001: Hibernate Commons Annotations {5.1.2.Final}
2022-08-20 09:30:02.804  INFO 22664 --- [    Test worker] org.hibernate.dialect.Dialect            : HHH000400: Using dialect: org.hibernate.dialect.H2Dialect
Hibernate: create table code (id integer generated by default as identity, code varchar(255), date varchar(255), primary key (id))
2022-08-20 09:30:04.345  INFO 22664 --- [    Test worker] o.h.e.t.j.p.i.JtaPlatformInitiator       : HHH000490: Using JtaPlatform implementation: [org.hibernate.engine.transaction.jta.platform.internal.NoJtaPlatform]
2022-08-20 09:30:04.365  INFO 22664 --- [    Test worker] j.LocalContainerEntityManagerFactoryBean : Initialized JPA EntityManagerFactory for persistence unit 'default'
2022-08-20 09:30:04.469  WARN 22664 --- [    Test worker] JpaBaseConfiguration$JpaWebConfiguration : spring.jpa.open-in-view is enabled by default. Therefore, database queries may be performed during view rendering. Explicitly configure spring.jpa.open-in-view to disable this warning
2022-08-20 09:30:05.156  INFO 22664 --- [    Test worker] .s.s.UserDetailsServiceAutoConfiguration : 

Using generated security password: ddf95c98-6563-49c6-b0f1-7aad1164b777

2022-08-20 09:30:05.436  INFO 22664 --- [    Test worker] o.s.s.web.DefaultSecurityFilterChain     : Will secure any request with [org.springframework.security.web.context.request.async.WebAsyncManagerIntegrationFilter@401002ce, org.springframework.security.web.context.SecurityContextPersistenceFilter@31434b63, org.springframework.security.web.header.HeaderWriterFilter@1fcf73b9, org.springframework.security.web.authentication.logout.LogoutFilter@23ade612, org.springframework.security.web.authentication.www.BasicAuthenticationFilter@1bb78ae, org.springframework.security.web.savedrequest.RequestCacheAwareFilter@24558113, org.springframework.security.web.servletapi.SecurityContextHolderAwareRequestFilter@48a21ea6, org.springframework.security.web.authentication.AnonymousAuthenticationFilter@6870a76f, org.springframework.security.web.session.SessionManagementFilter@1a0b4955, org.springframework.security.web.access.ExceptionTranslationFilter@20a18cc9, org.springframework.security.web.access.intercept.FilterSecurityInterceptor@15c96f24]
2022-08-20 09:30:05.920  INFO 22664 --- [    Test worker] o.s.b.a.w.s.WelcomePageHandlerMapping    : Adding welcome page: class path resource [static/index.html]
2022-08-20 09:30:06.671  INFO 22664 --- [    Test worker] o.s.b.a.e.web.EndpointLinksResolver      : Exposing 14 endpoint(s) beneath base path '/actuator'
2022-08-20 09:30:06.757  INFO 22664 --- [    Test worker] o.s.b.w.embedded.tomcat.TomcatWebServer  : Tomcat started on port(s): 8889 (http) with context path ''
2022-08-20 09:30:06.779  INFO 22664 --- [    Test worker] platform.CodeSharingPlatform             : Started CodeSharingPlatform in 12.589 seconds (JVM running for 14.208)
2022-08-20 09:30:07.451  INFO 22664 --- [nio-8889-exec-1] o.a.c.c.C.[Tomcat].[localhost].[/]       : Initializing Spring DispatcherServlet 'dispatcherServlet'
2022-08-20 09:30:07.451  INFO 22664 --- [nio-8889-exec-1] o.s.web.servlet.DispatcherServlet        : Initializing Servlet 'dispatcherServlet'
2022-08-20 09:30:07.454  INFO 22664 --- [nio-8889-exec-1] o.s.web.servlet.DispatcherServlet        : Completed initialization in 2 ms
?[1;31m
Start test 2?[0m
Hibernate: insert into code (id, code, date) values (null, ?, ?)
?[1;31m
Start test 3?[0m
Hibernate: select code0_.id as id1_0_0_, code0_.code as code2_0_0_, code0_.date as date3_0_0_ from code code0_ where code0_.id=?
?[1;31m
Start test 4?[0m
Hibernate: select code0_.id as id1_0_0_, code0_.code as code2_0_0_, code0_.date as date3_0_0_ from code code0_ where code0_.id=?
?[1;31m
Start test 5?[0m
Hibernate: select code0_.id as id1_0_, code0_.code as code2_0_, code0_.date as date3_0_ from code code0_
?[1;31m
Start test 6?[0m
Hibernate: select code0_.id as id1_0_, code0_.code as code2_0_, code0_.date as date3_0_ from code code0_
?[1;31m
Start test 7?[0m
Hibernate: insert into code (id, code, date) values (null, ?, ?)
?[1;31m
Start test 8?[0m
Hibernate: select code0_.id as id1_0_0_, code0_.code as code2_0_0_, code0_.date as date3_0_0_ from code code0_ where code0_.id=?
?[1;31m
Start test 9?[0m
Hibernate: select code0_.id as id1_0_0_, code0_.code as code2_0_0_, code0_.date as date3_0_0_ from code code0_ where code0_.id=?
?[1;31m
Start test 10?[0m
Hibernate: select code0_.id as id1_0_0_, code0_.code as code2_0_0_, code0_.date as date3_0_0_ from code code0_ where code0_.id=?
?[1;31m
Start test 11?[0m
Hibernate: select code0_.id as id1_0_0_, code0_.code as code2_0_0_, code0_.date as date3_0_0_ from code code0_ where code0_.id=?
?[1;31m
Start test 12?[0m
Hibernate: select code0_.id as id1_0_, code0_.code as code2_0_, code0_.date as date3_0_ from code code0_
?[1;31m
Start test 13?[0m
Hibernate: select code0_.id as id1_0_, code0_.code as code2_0_, code0_.date as date3_0_ from code code0_
?[1;31m
Start test 14?[0m
Hibernate: insert into code (id, code, date) values (null, ?, ?)
?[1;31m
Start test 15?[0m
Hibernate: insert into code (id, code, date) values (null, ?, ?)
?[1;31m
Start test 16?[0m
Hibernate: insert into code (id, code, date) values (null, ?, ?)
?[1;31m
Start test 17?[0m
Hibernate: insert into code (id, code, date) values (null, ?, ?)
?[1;31m
Start test 18?[0m
Hibernate: insert into code (id, code, date) values (null, ?, ?)
?[1;31m
Start test 19?[0m
Hibernate: insert into code (id, code, date) values (null, ?, ?)
?[1;31m
Start test 20?[0m
Hibernate: insert into code (id, code, date) values (null, ?, ?)
?[1;31m
Start test 21?[0m
Hibernate: insert into code (id, code, date) values (null, ?, ?)
?[1;31m
Start test 22?[0m
Hibernate: insert into code (id, code, date) values (null, ?, ?)
?[1;31m
Start test 23?[0m
Hibernate: insert into code (id, code, date) values (null, ?, ?)
?[1;31m
Start test 24?[0m
Hibernate: insert into code (id, code, date) values (null, ?, ?)
?[1;31m
Start test 25?[0m
Hibernate: insert into code (id, code, date) values (null, ?, ?)
?[1;31m
Start test 26?[0m
Hibernate: select code0_.id as id1_0_0_, code0_.code as code2_0_0_, code0_.date as date3_0_0_ from code code0_ where code0_.id=?
?[1;31m
Start test 27?[0m
Hibernate: select code0_.id as id1_0_0_, code0_.code as code2_0_0_, code0_.date as date3_0_0_ from code code0_ where code0_.id=?
?[1;31m
Start test 28?[0m
Hibernate: select code0_.id as id1_0_0_, code0_.code as code2_0_0_, code0_.date as date3_0_0_ from code code0_ where code0_.id=?
?[1;31m
Start test 29?[0m
Hibernate: select code0_.id as id1_0_0_, code0_.code as code2_0_0_, code0_.date as date3_0_0_ from code code0_ where code0_.id=?
?[1;31m
Start test 30?[0m
Hibernate: select code0_.id as id1_0_0_, code0_.code as code2_0_0_, code0_.date as date3_0_0_ from code code0_ where code0_.id=?
?[1;31m
Start test 31?[0m
Hibernate: select code0_.id as id1_0_0_, code0_.code as code2_0_0_, code0_.date as date3_0_0_ from code code0_ where code0_.id=?
?[1;31m
Start test 32?[0m
Hibernate: select code0_.id as id1_0_0_, code0_.code as code2_0_0_, code0_.date as date3_0_0_ from code code0_ where code0_.id=?
?[1;31m
Start test 33?[0m
Hibernate: select code0_.id as id1_0_0_, code0_.code as code2_0_0_, code0_.date as date3_0_0_ from code code0_ where code0_.id=?
?[1;31m
Start test 34?[0m
Hibernate: select code0_.id as id1_0_0_, code0_.code as code2_0_0_, code0_.date as date3_0_0_ from code code0_ where code0_.id=?
?[1;31m
Start test 35?[0m
Hibernate: select code0_.id as id1_0_0_, code0_.code as code2_0_0_, code0_.date as date3_0_0_ from code code0_ where code0_.id=?
?[1;31m
Start test 36?[0m
Hibernate: select code0_.id as id1_0_0_, code0_.code as code2_0_0_, code0_.date as date3_0_0_ from code code0_ where code0_.id=?
?[1;31m
Start test 37?[0m
Hibernate: select code0_.id as id1_0_0_, code0_.code as code2_0_0_, code0_.date as date3_0_0_ from code code0_ where code0_.id=?
?[1;31m
Start test 38?[0m
Hibernate: select code0_.id as id1_0_0_, code0_.code as code2_0_0_, code0_.date as date3_0_0_ from code code0_ where code0_.id=?
?[1;31m
Start test 39?[0m
Hibernate: select code0_.id as id1_0_0_, code0_.code as code2_0_0_, code0_.date as date3_0_0_ from code code0_ where code0_.id=?
?[1;31m
Start test 40?[0m
Hibernate: select code0_.id as id1_0_0_, code0_.code as code2_0_0_, code0_.date as date3_0_0_ from code code0_ where code0_.id=?
?[1;31m
Start test 41?[0m
Hibernate: select code0_.id as id1_0_0_, code0_.code as code2_0_0_, code0_.date as date3_0_0_ from code code0_ where code0_.id=?
?[1;31m
Start test 42?[0m
Hibernate: select code0_.id as id1_0_0_, code0_.code as code2_0_0_, code0_.date as date3_0_0_ from code code0_ where code0_.id=?
?[1;31m
Start test 43?[0m
Hibernate: select code0_.id as id1_0_0_, code0_.code as code2_0_0_, code0_.date as date3_0_0_ from code code0_ where code0_.id=?
?[1;31m
Start test 44?[0m
Hibernate: select code0_.id as id1_0_0_, code0_.code as code2_0_0_, code0_.date as date3_0_0_ from code code0_ where code0_.id=?
?[1;31m
Start test 45?[0m
Hibernate: select code0_.id as id1_0_0_, code0_.code as code2_0_0_, code0_.date as date3_0_0_ from code code0_ where code0_.id=?
?[1;31m
Start test 46?[0m
Hibernate: select code0_.id as id1_0_0_, code0_.code as code2_0_0_, code0_.date as date3_0_0_ from code code0_ where code0_.id=?
?[1;31m
Start test 47?[0m
Hibernate: select code0_.id as id1_0_0_, code0_.code as code2_0_0_, code0_.date as date3_0_0_ from code code0_ where code0_.id=?
?[1;31m
Start test 48?[0m
Hibernate: select code0_.id as id1_0_0_, code0_.code as code2_0_0_, code0_.date as date3_0_0_ from code code0_ where code0_.id=?
?[1;31m
Start test 49?[0m
Hibernate: select code0_.id as id1_0_0_, code0_.code as code2_0_0_, code0_.date as date3_0_0_ from code code0_ where code0_.id=?
?[1;31m
Start test 50?[0m
Hibernate: select code0_.id as id1_0_0_, code0_.code as code2_0_0_, code0_.date as date3_0_0_ from code code0_ where code0_.id=?
?[1;31m
Start test 51?[0m
Hibernate: select code0_.id as id1_0_0_, code0_.code as code2_0_0_, code0_.date as date3_0_0_ from code code0_ where code0_.id=?
?[1;31m
Start test 52?[0m
Hibernate: select code0_.id as id1_0_0_, code0_.code as code2_0_0_, code0_.date as date3_0_0_ from code code0_ where code0_.id=?
?[1;31m
Start test 53?[0m
Hibernate: select code0_.id as id1_0_0_, code0_.code as code2_0_0_, code0_.date as date3_0_0_ from code code0_ where code0_.id=?
?[1;31m
Start test 54?[0m
Hibernate: select code0_.id as id1_0_, code0_.code as code2_0_, code0_.date as date3_0_ from code code0_
?[1;31m
Start test 55?[0m
Hibernate: select code0_.id as id1_0_, code0_.code as code2_0_, code0_.date as date3_0_ from code code0_
]]></system-out>
  <system-err><![CDATA[]]></system-err>
</testsuite>
